<?xml version="1.0" encoding="UTF-8"?>
<!-- Generated by org.testng.reporters.JUnitReportReporter -->
<testsuite skipped="0" hostname="ML-J5P86S2" name="test.TestNGBasics" tests="2" failures="0" timestamp="24 Oct 2020 08:29:42 GMT" time="0.006" errors="0">
  <testcase name="demo3" time="0.005" classname="test.TestNGBasics"/>
  <testcase name="demo2" time="0.001" classname="test.TestNGBasics"/>
</testsuite> <!-- test.TestNGBasics -->
