<?xml version="1.0" encoding="UTF-8"?>
<!-- Generated by org.testng.reporters.JUnitReportReporter -->
<testsuite skipped="0" hostname="ML-J5P86S2" name="test.TestSuit01" tests="1" failures="0" timestamp="24 Oct 2020 03:50:40 GMT" time="0.000" errors="0">
  <testcase name="demo2suit" time="0.000" classname="test.TestSuit01"/>
</testsuite> <!-- test.TestSuit01 -->
