<?xml version="1.0" encoding="UTF-8"?>
<!-- Generated by org.testng.reporters.JUnitReportReporter -->
<testsuite skipped="0" hostname="ML-J5P86S2" name="testPackage01.TestSuit02" tests="5" failures="0" timestamp="23 Oct 2020 13:05:27 GMT" time="0.009" errors="0">
  <testcase name="mobile03" time="0.000" classname="testPackage01.TestSuit02"/>
  <testcase name="mobile04" time="0.001" classname="testPackage01.TestSuit02"/>
  <testcase name="mobile01" time="0.006" classname="testPackage01.TestSuit02"/>
  <testcase name="mobile02" time="0.001" classname="testPackage01.TestSuit02"/>
  <testcase name="mobile05" time="0.001" classname="testPackage01.TestSuit02"/>
</testsuite> <!-- testPackage01.TestSuit02 -->
