<?xml version="1.0" encoding="UTF-8"?>
<!-- Generated by org.testng.reporters.JUnitReportReporter -->
<testsuite skipped="0" hostname="ML-J5P86S2" name="test.Day1" tests="1" failures="0" timestamp="23 Oct 2020 10:44:13 GMT" time="0.009" errors="0">
  <testcase name="Demo" time="0.009" classname="test.Day1"/>
</testsuite> <!-- test.Day1 -->
