<?xml version="1.0" encoding="UTF-8"?>
<!-- Generated by org.testng.reporters.JUnitReportReporter -->
<testsuite skipped="0" hostname="ML-J5P86S2" name="testPackage01.MobileTestSuit02" tests="5" failures="0" timestamp="24 Oct 2020 08:29:42 GMT" time="0.008" errors="0">
  <testcase name="mobile05" time="0.001" classname="testPackage01.MobileTestSuit02"/>
  <testcase name="mobile01" time="0.001" classname="testPackage01.MobileTestSuit02"/>
  <testcase name="mobile03" time="0.001" classname="testPackage01.MobileTestSuit02"/>
  <testcase name="mobile04" time="0.004" classname="testPackage01.MobileTestSuit02"/>
  <testcase name="mobile02" time="0.001" classname="testPackage01.MobileTestSuit02"/>
</testsuite> <!-- testPackage01.MobileTestSuit02 -->
