<?xml version="1.0" encoding="UTF-8"?>
<!-- Generated by org.testng.reporters.JUnitReportReporter -->
<testsuite skipped="0" hostname="ML-J5P86S2" name="test.TestSuit02" tests="1" failures="0" timestamp="24 Oct 2020 03:48:19 GMT" time="0.001" errors="0">
  <testcase name="mobile02" time="0.001" classname="test.TestSuit02"/>
</testsuite> <!-- test.TestSuit02 -->
